<?xml version="1.0" encoding="UTF-8"?>
<!-- Generated by org.testng.reporters.JUnitReportReporter -->
<testsuite hostname="Amals_HP_Envy" failures="0" tests="1" name="testng.TestNg_Practice" time="0.008" errors="0" timestamp="2025-02-01T15:40:42 EST" skipped="0">
  <testcase classname="testng.TestNg_Practice" name="Demo" time="0.008"/>
  <system-out/>
</testsuite> <!-- testng.TestNg_Practice -->
