<?xml version="1.0" encoding="UTF-8"?>
<!-- Generated by org.testng.reporters.JUnitReportReporter -->
<testsuite hostname="Amals_HP_Envy" failures="0" tests="3" name="locators.Streams" time="0.018" errors="0" timestamp="2025-01-29T11:44:11 EST" skipped="0">
  <testcase classname="locators.Streams" name="streamFilter" time="0.004"/>
  <system-out/>
  <testcase classname="locators.Streams" name="streamCollect" time="0.002"/>
  <system-out/>
  <testcase classname="locators.Streams" name="StreamMap" time="0.012"/>
  <system-out/>
</testsuite> <!-- locators.Streams -->
